c:\users\home\yuhan_guest_book\for_submit\for_submit\debug\vc142.pdb
c:\users\home\yuhan_guest_book\for_submit\for_submit\debug\vc142.idb
c:\users\home\yuhan_guest_book\for_submit\for_submit\debug\gb_palette.obj
c:\users\home\yuhan_guest_book\for_submit\for_submit\debug\gb_mouse.obj
c:\users\home\yuhan_guest_book\for_submit\for_submit\debug\gb_keyboard.obj
c:\users\home\yuhan_guest_book\for_submit\for_submit\debug\gb_graphics.obj
c:\users\home\yuhan_guest_book\for_submit\for_submit\debug\gb_file_io.obj
c:\users\home\yuhan_guest_book\for_submit\for_submit\debug\gb_button.obj
c:\users\home\yuhan_guest_book\for_submit\for_submit\debug\for_submit.obj
c:\users\home\yuhan_guest_book\for_submit\debug\for_submit.exe
c:\users\home\yuhan_guest_book\for_submit\debug\for_submit.ilk
c:\users\home\yuhan_guest_book\for_submit\debug\for_submit.pdb
c:\users\home\yuhan_guest_book\for_submit\for_submit\debug\for_submit.res
c:\users\home\yuhan_guest_book\for_submit\for_submit\debug\for_submit.tlog\cl.command.1.tlog
c:\users\home\yuhan_guest_book\for_submit\for_submit\debug\for_submit.tlog\cl.read.1.tlog
c:\users\home\yuhan_guest_book\for_submit\for_submit\debug\for_submit.tlog\cl.write.1.tlog
c:\users\home\yuhan_guest_book\for_submit\for_submit\debug\for_submit.tlog\link.command.1.tlog
c:\users\home\yuhan_guest_book\for_submit\for_submit\debug\for_submit.tlog\link.read.1.tlog
c:\users\home\yuhan_guest_book\for_submit\for_submit\debug\for_submit.tlog\link.write.1.tlog
c:\users\home\yuhan_guest_book\for_submit\for_submit\debug\for_submit.tlog\rc.command.1.tlog
c:\users\home\yuhan_guest_book\for_submit\for_submit\debug\for_submit.tlog\rc.read.1.tlog
c:\users\home\yuhan_guest_book\for_submit\for_submit\debug\for_submit.tlog\rc.write.1.tlog
